1591642894771:help
1591642909214:start
1591642936868:restart
1591642940984:rerun
1591642948201:help
1591642958328:clear
1591642962991:start
1591643029830:clean
1591643035420:start
1591643224966:help
1591643234926:lang ru
1591643251210:run
1591643266704:clear
1591643271063:run
1591643400657:clean
1591643411126:run
1591643508409:clean
1591643511698:run
1591643594171:showres
1591643600002:run
1591643607818:clear
1591643609387:run
1591643620431:clean
1591643625060:run
1591648717965:help
1591648729844:run
1591651223201:lang ru
1591651232318:run
1591651262918:clean
1591651271939:run
