1591893718918:getAll
1591893724557:help
1591893773061:insert 2 2 2 2
1591893776451:getAll
1591893859808:getById 1
1591893898533:getByName 2
1591973850110:insert 2 2 2
1591973862506:help
1591973868628:getById 1
1591975117126:insert 1 1 1
1591975124687:getById 1
1591975303333:insert 1 1 1
1591975308535:getById 1
1591976771360:insert 1 1 1
1591976774203:getAll
1591979035936:insert 1 1 1
1591979042379:getById 1
1591979153760:insert 1 1 1
1591979158840:getById 1
1591979428616:insert 1 1 1
1591979432511:getAll
1591979439376:getById 1
1591979806745:insert 1 1 1
1591979812859:getById 1
1591979953118:insert 1 1 1
1591979958482:getById 1
1591980667836:insert 1 1 1
1591980670828:getAll
1591980674718:getById 1
1592044483471:insert 1 1 1
1592044486040:getAll
1592045107698:insert 1 1 1
1592045125114:getAll
1592045414793:insert 1 1 1
1592045588523:getAll
1592046312699:insert 1 1 1
1592046317963:getAll
1592050041542:insert 1 1 1
1592050049025:getById 1
