1591707156192:help
1591707168724:count
1591707178898:getAll
1591707193823:getById 1
1591707405520:count
1591707409815:getAll
1591707571270:insert 2 ds sd s
1591707575862:getAll
1591710978765:insert 2 d d d
1591710983074:getAll
1591711017716:count
1591711024352:help
1591711035567:deleteById 2
1591711108357:web
1591717188771:help
1591717192399:web
1591717309060:getAll
1591717335537:insert 2 всадник без головы Майн Рид Приключение
1591717356913:insert 2 "dcflybr ,tp ujkjds" e e
1591717361834:getAll
1591718121713:exit
1591718666199:web
1591719830837:exit
1591720685725:getAll
1591720744970:exit
1591720893299:getAll
1591720977994:deleteById 1
1591721008861:getAll
1591721015539:insert 1 2 3 4
1591721027948:getById 1
1591721180494:getAll
1591721982856:exit
1591734892927:insert 1 1 1 1
1591737769763:insert 2 2 2 2
1591737773614:exit
1591738341337:insert 2 2 2 2
1591738345271:getAll
1591738358933:exit
1591780447664:getAll
1591780453557:insert 1 1 1 1
1591780457729:getAll
1591782346087:help
1591782721142:inser help
