1591893718918:getAll
1591893724557:help
1591893773061:insert 2 2 2 2
1591893776451:getAll
1591893859808:getById 1
1591893898533:getByName 2
1591973850110:insert 2 2 2
1591973862506:help
1591973868628:getById 1
1591975117126:insert 1 1 1
1591975124687:getById 1
1591975303333:insert 1 1 1
1591975308535:getById 1
1591976771360:insert 1 1 1
1591976774203:getAll
1591979035936:insert 1 1 1
1591979042379:getById 1
1591979153760:insert 1 1 1
1591979158840:getById 1
1591979428616:insert 1 1 1
1591979432511:getAll
1591979439376:getById 1
1591979806745:insert 1 1 1
1591979812859:getById 1
1591979953118:insert 1 1 1
1591979958482:getById 1
1591980667836:insert 1 1 1
1591980670828:getAll
1591980674718:getById 1
1592044483471:insert 1 1 1
1592044486040:getAll
1592045107698:insert 1 1 1
1592045125114:getAll
1592045414793:insert 1 1 1
1592045588523:getAll
1592046312699:insert 1 1 1
1592046317963:getAll
1592050041542:insert 1 1 1
1592050049025:getById 1
1592057746652:insert 1 1 1
1592057753703:getById 1
1592057820639:getAll
1592057918788:insert 1 1 1
1592057922390:getAll
1592057987804:insert 1 1 1
1592057993331:insert 2 2 2
1592057998945:getAll
1592063273517:insert 1 1 1
1592063279566:insert 2 2 2
1592063305242:getAll
1592064273438:insert 1 1 1
1592064277126:getAll
1592064398680:insert 1 1 1
1592064402572:getAll
1592064949893:insert 1 1 1
1592064953700:getAll
1592065147558:insert 1 1 1
1592065204792:getAll
1592065377278:insert 1 1 1
1592065384300:getAll
1592065854604:insert 1 1 1
1592065858118:getAll
1592066289065:insert 1 1 1
1592066482715:getAll
1592068228927:insert 1 1 1
1592068232174:getAll
1592070837367:insert 1 1 1
1592070840606:getAll
1592070849303:help
1592070863172:add-comment com aut 1
1592070881356:add-comment 1 com aut
1592070919778:getById 1
1592070988572:add-comment 1 1 1
1592073351249:insert 1 1 1
1592073356061:getById 1
1592073363247:add-comment 1 1 1
1592073578458:insert 1 1 1
1592073585346:add-comment 1 1 1
1592076933802:insert 1 1 1
1592076937911:getAll
1592076981854:add-comment 1 1 1
1592077311960:insert 1 1 1
1592077318427:add-comment 1 1 1
1592077546310:insert 1 1 1
1592077552167:add-comment 1 1 1
1592077557354:getAll
1592077607703:add-comment 1 1 1
1592077753658:inser 1 1 1
1592077762329:insert 1 1 1
1592077765451:getAll
1592077772245:add-comment 1 1 1
1592078211928:insert 1 1 1
1592078220467:getById 1
1592078232186:add-comment 1 1 1
1592078488793:insert 1 1 1
1592078492448:getAll
1592078500931:add-comment 1 1 1
1592121848128:insert 1 1 1
1592121979437:getAll
1592121985967:add-comment 1 1 1
1592122145816:insert 1 1 1
1592122149862:gatAll
1592122154002:getAll
1592122165655:add-comment 1 1 1
1592122457500:insert 1 1 1
1592122463108:add-comment 1 1 1
1592122466935:getAll
1592122603185:insert 1 1 1
1592122630366:add-comments 1 1 1
1592122639989:help
1592122647050:add-comment 1 1 1
1592122997843:insert 1 1 1
1592123002623:add-comment 1 1 1
1592123006262:getAll
1592123186958:insert 1 1 1
1592123191098:add-coment 1 1 1
1592123199596:add-comment 1 1 1
1592129800434:insert 1 1 1
1592129807063:getAll
1592129814100:add-comment 1 1 1
1592130232322:insert 1 1 1
1592130238654:add-comment 1 1 1
1592130594211:insert 1 1 1
1592130598899:add-comment 1 1 1
1592130604499:getAll
1592131019012:insert 1 1 1
1592131024481:add-comment 1 1 1
1592131084993:insert 1 1 1
1592131102879:add-comment 1 1 1
1592131875281:insert 1 1 1
1592131881060:add-comment 1 1 1
1592132129182:insert 1 1 1
1592132134284:add-comment 1 1 1
1592132141750:getById 1
1592132200613:insert 1 1 1
1592132203405:getAll
1592132634697:insert 1 1 1
1592132643947:add-comment 1 1 1
1592132647237:getAll
1592132731037:insert 1 1 1
1592132735410:add-comment 1 1 1
1592133095364:insert 1 1 1
1592133100611:add-comment 1 1 1
1592133104209:getAll
1592133202689:insert 1 1 1
1592133209088:add-comment 1 1 1
1592133213422:getAll
1592133377237:insert 1 1 1
1592133387871:getAll
1592133396120:add-comment 1 1 1
1592133399573:getAll
1592133580090:insert 1 1 1
1592133628944:add-comment 1 1 1
1592133748418:insert 1 1 1
1592153134744:add-comment 1 1 1
1592153137857:getAll
1592155133583:insert 1 1 1
1592155138041:add-comment 1 1 1
1592155203364:insert 1 1 1
1592155208652:getAll
1592155330618:insert 1 1 1
1592155335258:add-comment 1 1 1
1592155394990:insert 1 1 1
1592155397577:getAll
1592155463091:insert 1 1 1
1592155466591:getAll
1592155472161:add-comment 1 1 1
1592155476602:getAll
1592155516427:insert 1efe efe qde
1592155520465:getAll
1592155538631:add-comment 2 ffefe efew
1592155546088:getAll
1592155792008:insert 1 1 1
1592155799010:add-comments 1 1 1
1592155805980:add-comment 1 1 1
1592155809352:getAll
1592155819029:get-comment 1
1592156580110:getAll
1592156723458:insert 1 1 1
1592156729150:add-comment 1 1 1
1592156731900:getAll
1592156848436:insert 1 1 1
1592156852589:add-comment 1 1 1
1592156855614:getAll
1592156952521:insert 1 1 1
1592156957812:add-comments 1 1 1
1592156963833:add-coment 1 1 1
1592156970173:add-comment 1 1 1
1592156974313:getAll
1592230680709:insert 1 1 1
1592231324941:help
1592231332283:get-all-book
1592231340172:get-all-books
1592231368978:get-all-books 1 1 1
1592231805354:insert 1 1 1
1592231808525:getAll
1592231813570:get-all-books
1592232505197:insert 1 1 1
1592232514010:get-all-books
1592233099532:insert 1 1 1
1592233106984:get-all-books
1592233200070:insert 1 1 1
1592233204772:get-all-books
1592233305055:insert 1 1 1
1592233311304:get-all-books
1592233618549:insert 1 1 1
1592234187622:get-all-books
1592234340421:insert 1 1 1
1592234345524:get-all-books
1592234505503:insert 1 1 1
1592234516078:get-all-books
1592234682563:insert 1 1 1
1592234690508:get-all-books
1592234770335:insert 1 1 1
1592234909784:get-all-books
1592235019121:insert 1 1 1
1592235027654:get-all-books
1592235158001:insert 1 1 1
1592235162967:get-all-books
1592235395612:insert 1 1 1
1592235401287:get-all-books
1592235630921:insert 1 1 1
1592235698573:get-all-books
1592235769178:insert 1 1 1
1592235776862:get-all-books
1592235938391:insert 1 1 1
1592235942235:get-all-books
1592236139122:insert 1 1 1
1592236203238:ger-all-books
1592236210489:get-all-books
1592236418100:insert 1 1 1
1592236985089:get-all-books
1592237213461:insert 1 1 1
1592237218996:get-all-books
1592237418686:insert 1 1 1
1592237422392:get-all-books
1592238155312:insert 1 1 1
1592238161080:get-all-books
1592251556632:insert 1 1 1
1592251950627:get-all-books
1592252381056:insert 1 1 1
1592252386201:get-all-book
1592252404152:get-all-books
1592252860232:insert 1 1 1
1592252865135:get-all-book
1592252873023:get-all-books
1592252964014:insert 1 1 1
1592252967882:get-all-books
1592253696378:insert 1 1 1
1592253704069:get-all-books
1592253712909:insert 2 2 2
1592253720020:get-all-books
1592253987703:help
1592255598784:insert 1 1 1
1592255604594:insert-comment
1592255617724:insert-comment 1 com user
1592255821590:insert 1 1 1
1592255829357:insert-comment 1 com user
1592255839048:get-all-books
1592299892419:insert 1 1 1
1592299898927:get-all-books
1592299917716:insert-comment 1 1 1
1592299928726:get-all-books
1592304167497:insert name genre author
1592304172592:get-all-booka
1592304177301:get-all-books
1592304220457:insert-comment 1 coment myName
1592304233716:get-all-books
1592304285349:get-all-comment
1592304290756:get-all-comments
1592304381788:get-all-user
1592304389481:get-all-author
1592304401018:get-all-authors
1592304482825:insert 1 1 1
1592304542302:insert 3 4 5
1592304549287:get-all-books
1592304561035:get-all-author
1592304567166:get-all-authors
1592306506299:insert 1 1 1
1592306510944:get-all-books
1592306519438:insert-comments
1592306537290:insert-comment
1592306555170:insert-comment 1 com user
1592306560289:get-all-books
1592306610399:insert 1 1 1
1592306618376:insert-comment 1 con user
1592306627230:get-all-books
1592310613488:help
1592310619858:insert 1 1 1
1592310625543:get-all-books
1592310635006:insert-comment 1 1 1
