1591893718918:getAll
1591893724557:help
1591893773061:insert 2 2 2 2
1591893776451:getAll
1591893859808:getById 1
1591893898533:getByName 2
1591973850110:insert 2 2 2
1591973862506:help
1591973868628:getById 1
1591975117126:insert 1 1 1
1591975124687:getById 1
1591975303333:insert 1 1 1
1591975308535:getById 1
1591976771360:insert 1 1 1
1591976774203:getAll
1591979035936:insert 1 1 1
1591979042379:getById 1
1591979153760:insert 1 1 1
1591979158840:getById 1
1591979428616:insert 1 1 1
1591979432511:getAll
1591979439376:getById 1
1591979806745:insert 1 1 1
1591979812859:getById 1
1591979953118:insert 1 1 1
1591979958482:getById 1
1591980667836:insert 1 1 1
1591980670828:getAll
1591980674718:getById 1
1592044483471:insert 1 1 1
1592044486040:getAll
1592045107698:insert 1 1 1
1592045125114:getAll
1592045414793:insert 1 1 1
1592045588523:getAll
1592046312699:insert 1 1 1
1592046317963:getAll
1592050041542:insert 1 1 1
1592050049025:getById 1
1592057746652:insert 1 1 1
1592057753703:getById 1
1592057820639:getAll
1592057918788:insert 1 1 1
1592057922390:getAll
1592057987804:insert 1 1 1
1592057993331:insert 2 2 2
1592057998945:getAll
1592063273517:insert 1 1 1
1592063279566:insert 2 2 2
1592063305242:getAll
1592064273438:insert 1 1 1
1592064277126:getAll
1592064398680:insert 1 1 1
1592064402572:getAll
1592064949893:insert 1 1 1
1592064953700:getAll
1592065147558:insert 1 1 1
1592065204792:getAll
1592065377278:insert 1 1 1
1592065384300:getAll
1592065854604:insert 1 1 1
1592065858118:getAll
1592066289065:insert 1 1 1
1592066482715:getAll
1592068228927:insert 1 1 1
1592068232174:getAll
1592070837367:insert 1 1 1
1592070840606:getAll
1592070849303:help
1592070863172:add-comment com aut 1
1592070881356:add-comment 1 com aut
1592070919778:getById 1
1592070988572:add-comment 1 1 1
1592073351249:insert 1 1 1
1592073356061:getById 1
1592073363247:add-comment 1 1 1
1592073578458:insert 1 1 1
1592073585346:add-comment 1 1 1
1592076933802:insert 1 1 1
1592076937911:getAll
1592076981854:add-comment 1 1 1
1592077311960:insert 1 1 1
1592077318427:add-comment 1 1 1
1592077546310:insert 1 1 1
1592077552167:add-comment 1 1 1
1592077557354:getAll
1592077607703:add-comment 1 1 1
1592077753658:inser 1 1 1
1592077762329:insert 1 1 1
1592077765451:getAll
1592077772245:add-comment 1 1 1
1592078211928:insert 1 1 1
1592078220467:getById 1
1592078232186:add-comment 1 1 1
1592078488793:insert 1 1 1
1592078492448:getAll
1592078500931:add-comment 1 1 1
1592121848128:insert 1 1 1
1592121979437:getAll
1592121985967:add-comment 1 1 1
1592122145816:insert 1 1 1
1592122149862:gatAll
1592122154002:getAll
1592122165655:add-comment 1 1 1
1592122457500:insert 1 1 1
1592122463108:add-comment 1 1 1
1592122466935:getAll
1592122603185:insert 1 1 1
1592122630366:add-comments 1 1 1
1592122639989:help
1592122647050:add-comment 1 1 1
1592122997843:insert 1 1 1
1592123002623:add-comment 1 1 1
1592123006262:getAll
1592123186958:insert 1 1 1
1592123191098:add-coment 1 1 1
1592123199596:add-comment 1 1 1
1592129800434:insert 1 1 1
1592129807063:getAll
1592129814100:add-comment 1 1 1
1592130232322:insert 1 1 1
1592130238654:add-comment 1 1 1
1592130594211:insert 1 1 1
1592130598899:add-comment 1 1 1
1592130604499:getAll
1592131019012:insert 1 1 1
1592131024481:add-comment 1 1 1
1592131084993:insert 1 1 1
1592131102879:add-comment 1 1 1
1592131875281:insert 1 1 1
1592131881060:add-comment 1 1 1
1592132129182:insert 1 1 1
1592132134284:add-comment 1 1 1
1592132141750:getById 1
1592132200613:insert 1 1 1
1592132203405:getAll
1592132634697:insert 1 1 1
1592132643947:add-comment 1 1 1
1592132647237:getAll
1592132731037:insert 1 1 1
1592132735410:add-comment 1 1 1
1592133095364:insert 1 1 1
1592133100611:add-comment 1 1 1
1592133104209:getAll
1592133202689:insert 1 1 1
1592133209088:add-comment 1 1 1
1592133213422:getAll
1592133377237:insert 1 1 1
1592133387871:getAll
1592133396120:add-comment 1 1 1
1592133399573:getAll
1592133580090:insert 1 1 1
1592133628944:add-comment 1 1 1
1592133748418:insert 1 1 1
1592153134744:add-comment 1 1 1
1592153137857:getAll
1592155133583:insert 1 1 1
1592155138041:add-comment 1 1 1
1592155203364:insert 1 1 1
1592155208652:getAll
1592155330618:insert 1 1 1
1592155335258:add-comment 1 1 1
1592155394990:insert 1 1 1
1592155397577:getAll
1592155463091:insert 1 1 1
1592155466591:getAll
1592155472161:add-comment 1 1 1
1592155476602:getAll
1592155516427:insert 1efe efe qde
1592155520465:getAll
1592155538631:add-comment 2 ffefe efew
1592155546088:getAll
1592155792008:insert 1 1 1
1592155799010:add-comments 1 1 1
1592155805980:add-comment 1 1 1
1592155809352:getAll
1592155819029:get-comment 1
1592156580110:getAll
1592156723458:insert 1 1 1
1592156729150:add-comment 1 1 1
1592156731900:getAll
1592156848436:insert 1 1 1
1592156852589:add-comment 1 1 1
1592156855614:getAll
1592156952521:insert 1 1 1
1592156957812:add-comments 1 1 1
1592156963833:add-coment 1 1 1
1592156970173:add-comment 1 1 1
1592156974313:getAll
1592414980819:insert 1 1 1
1592415413259:get-all-books
1592416092832:insert 1 1 1
1592416101995:help
1592416117216:get-books-id 1
1592416125499:insert 1 2 3
1592416161867:insert 2 3 4
1592416169061:get-all-books
1592416175889:get-book-id 1
1592416183306:get-books-id 1
1592416196287:get-books-id 3
1592416208133:insert 5 6 7
1592416211122:get-all-books
1592416227294:insert 1 1 1
1592425540123:help
1592425549404:get-all-books
1592425612083:insert 11/22/63 St.King bombaChisto
1592425734886:insert-comment 1 chikibambony Nagibator228
1592425760042:insert-comment 1 1 1
1592425799523:get-all-book
1592425805086:get-all-books
1592425970588:get-book-id 1
1592425982724:get-books-id
1592425985859:1
1592425998228:get-books-id 1
1592426098449:get-all-books
1592426218468:insert 1 1 1
1592426222342:get-all-books
1592426238348:inserthelp
1592426241920:help
1592426253833:insert-commenr 1 2 3
1592426264402:insert-comment 1 2 3
1592426285933:insert-comment 0 2 3
1592426433663:inser 1 1 1
1592426438611:insert 1 1 1
1592426442882:get-all-books
1592426454365:insert-comment 1 1 1
1592426492108:get-all-books
1592426498330:get-comment-id 1
1592426501919:hekp
1592426503995:help
1592426510136:get-all-comments
1592426615760:insert 1 1 1
1592426619693:get-all-books
1592426626492:insert comment 1 1 1
1592426632759:insert-comment 1 1 1
1592427010879:insert 1 1 1
1592427016754:insert-comment 1 1 1
1592427123108:get-all-comments
1592427280247:insert 1 1 1
1592427286501:insert comment 1 1 1
1592427292468:insert-comment 1 1 1
1592427302120:get-all-books
1592427346778:get-books-id 1
1592427519628:insertcomment 1 1 1
1592427530105:insert-comment 2 2 2
1592427548466:insert-comment 1 2 3
1592427776645:insert 1 1 1
1592427785547:insert-comment 1 1 1
1592427870738:insert 1 1 1
1592427877237:insert-comment 1 1 1
1592427887431:get-all-books
1592428130631:help
1592428143149:get-all-authors
1592428153219:get-user-id 1
1592428297594:insert 1 1 1
1592428303227:insert-comment 1 1 1
1592428310625:get-all-books
1592428324341:get-all-comments
1592428629360:insert 1 1 1
1592428633868:insert-comment 1 1 1
1592428688090:insert 1 1 1
1592428693520:insert-comment 1 2 3
1592428700297:get-all-comments
1592428713938:shell:>insert-comment 1 2 5
1592428727201:insert-comment 1 2 5
1592428734659:get-all-comments
1592428793153:insert 1 1 1
1592428800845:insert-comment 1 2 3
1592428806186:get-all-comments
1592428819228:get-all-books
1592428892708:insert 1 1 1
1592428896246:insert 1 2 3
1592428901842:get-all-book
1592428906111:get-all-books
1592428958337:insert 1 1 1
1592428964525:insert 1 2 3
1592428969265:insert 64 2 1
1592428973141:get-all-books
1592428986373:insert-comment 1 2 3
1592428993693:get-all-comments
1592429073785:insert 1 1 1
1592429078036:get-all-books
1592429088799:insert-comment 1 2 3
1592429249376:insert 1 1 1
1592429253765:get-all-books
1592429268372:insert-comment 1 com us
1592429353747:insert 1 1 1
1592429358730:get-all-books
1592429369321:insert-comment 1 2 3
1592477779967:insert 1 1 1
1592477792746:insert
1592477802494:insert-comment 1 2 3
1592477930234:insert 1 1 1
1592477934202:insert-comment
1592477940622:insert-comment 1 2 3
1592477945824:get-all-books
1592479868722:insert 1 1 1
1592479875031:get-all-books
1592480187216:insert 1 1 1
1592480192044:get-all-books
1592480200962:insert-comment 1 1 1
1592480343836:get-all-comments
